0 info it worked if it ends with ok
1 verbose cli [ '/usr/local/Cellar/node/5.9.1/bin/node',
1 verbose cli   '/usr/local/bin/npm',
1 verbose cli   'run',
1 verbose cli   'run:dev' ]
2 info using npm@3.7.3
3 info using node@v5.9.1
4 verbose run-script [ 'prerun:dev', 'run:dev', 'postrun:dev' ]
5 info lifecycle typescript-playground@1.0.0~prerun:dev: typescript-playground@1.0.0
6 silly lifecycle typescript-playground@1.0.0~prerun:dev: no script for prerun:dev, continuing
7 info lifecycle typescript-playground@1.0.0~run:dev: typescript-playground@1.0.0
8 verbose lifecycle typescript-playground@1.0.0~run:dev: unsafe-perm in lifecycle true
9 verbose lifecycle typescript-playground@1.0.0~run:dev: PATH: /usr/local/lib/node_modules/npm/bin/node-gyp-bin:/Users/nancynjin/development/typescript-playground/node_modules/.bin:/usr/local/Cellar/node/5.9.1/bin:/usr/local/bin:/usr/bin:/bin:/usr/sbin:/sbin
10 verbose lifecycle typescript-playground@1.0.0~run:dev: CWD: /Users/nancynjin/development/typescript-playground
11 silly lifecycle typescript-playground@1.0.0~run:dev: Args: [ '-c', 'node devServer.js' ]
12 silly lifecycle typescript-playground@1.0.0~run:dev: Returned: code: 1  signal: null
13 info lifecycle typescript-playground@1.0.0~run:dev: Failed to exec run:dev script
14 verbose stack Error: typescript-playground@1.0.0 run:dev: `node devServer.js`
14 verbose stack Exit status 1
14 verbose stack     at EventEmitter.<anonymous> (/usr/local/lib/node_modules/npm/lib/utils/lifecycle.js:239:16)
14 verbose stack     at emitTwo (events.js:100:13)
14 verbose stack     at EventEmitter.emit (events.js:185:7)
14 verbose stack     at ChildProcess.<anonymous> (/usr/local/lib/node_modules/npm/lib/utils/spawn.js:24:14)
14 verbose stack     at emitTwo (events.js:100:13)
14 verbose stack     at ChildProcess.emit (events.js:185:7)
14 verbose stack     at maybeClose (internal/child_process.js:850:16)
14 verbose stack     at Process.ChildProcess._handle.onexit (internal/child_process.js:215:5)
15 verbose pkgid typescript-playground@1.0.0
16 verbose cwd /Users/nancynjin/development/typescript-playground
17 error Darwin 15.4.0
18 error argv "/usr/local/Cellar/node/5.9.1/bin/node" "/usr/local/bin/npm" "run" "run:dev"
19 error node v5.9.1
20 error npm  v3.7.3
21 error code ELIFECYCLE
22 error typescript-playground@1.0.0 run:dev: `node devServer.js`
22 error Exit status 1
23 error Failed at the typescript-playground@1.0.0 run:dev script 'node devServer.js'.
23 error Make sure you have the latest version of node.js and npm installed.
23 error If you do, this is most likely a problem with the typescript-playground package,
23 error not with npm itself.
23 error Tell the author that this fails on your system:
23 error     node devServer.js
23 error You can get information on how to open an issue for this project with:
23 error     npm bugs typescript-playground
23 error Or if that isn't available, you can get their info via:
23 error     npm owner ls typescript-playground
23 error There is likely additional logging output above.
24 verbose exit [ 1, true ]
